\BOOKMARK [1][-]{section.1}{Course Rules}{}% 1
\BOOKMARK [1][-]{section.2}{Course Materials}{}% 2
\BOOKMARK [2][-]{subsection.2.1}{FirstDay\222}{section.2}% 3
\BOOKMARK [1][-]{section.3}{Course Description}{}% 4
\BOOKMARK [1][-]{section.4}{Course Structure}{}% 5
\BOOKMARK [1][-]{section.5}{Grading and Assignments}{}% 6
\BOOKMARK [2][-]{subsection.5.1}{Grading Scale}{section.5}% 7
\BOOKMARK [2][-]{subsection.5.2}{Assignments and Assessments}{section.5}% 8
\BOOKMARK [3][-]{subsubsection.5.2.1}{Quizzes}{subsection.5.2}% 9
\BOOKMARK [3][-]{subsubsection.5.2.2}{Homework}{subsection.5.2}% 10
\BOOKMARK [3][-]{subsubsection.5.2.3}{Midterm}{subsection.5.2}% 11
\BOOKMARK [3][-]{subsubsection.5.2.4}{Final Exam}{subsection.5.2}% 12
\BOOKMARK [1][-]{section.6}{Reporting}{}% 13
\BOOKMARK [1][-]{section.7}{Policy Statements}{}% 14
\BOOKMARK [2][-]{subsection.7.1}{Academic Integrity}{section.7}% 15
\BOOKMARK [2][-]{subsection.7.2}{Active Duty Military}{section.7}% 16
\BOOKMARK [2][-]{subsection.7.3}{Attendance/Late Policies}{section.7}% 17
\BOOKMARK [2][-]{subsection.7.4}{Emergency Procedure and Campus Safety}{section.7}% 18
\BOOKMARK [2][-]{subsection.7.5}{Make-up Exams and Assignments}{section.7}% 19
\BOOKMARK [2][-]{subsection.7.6}{Revisions to the Syllabus}{section.7}% 20
\BOOKMARK [2][-]{subsection.7.7}{Student Academic Activity Policy}{section.7}% 21
\BOOKMARK [2][-]{subsection.7.8}{Student Accessibility Services}{section.7}% 22
